Using pre-set license
Built from '2020.3/staging' branch; Version is '2020.3.22f1 (e1a7f79fd887) revision 14788599'; Using compiler version '192528614'; Build Type 'Release'
OS: 'Windows 10 Pro; OS build 19044.1348; Version 2009; 64bit' Language: 'es' Physical Memory: 24443 MB
BatchMode: 1, IsHumanControllingUs: 0, StartBugReporterOnCrash: 0, Is64bit: 1, IsPro: 0

COMMAND LINE ARGUMENTS:
R:\Unity\Unity_Projects\Instalaciones\2020.3.22f1\Editor\Unity.exe
-adb2
-batchMode
-noUpm
-name
AssetImportWorker0
-projectPath
R:/Unity/Unity_Projects/P9_MetroidVania
-logFile
Logs/AssetImportWorker0.log
-srvPort
55891
Successfully changed project path to: R:/Unity/Unity_Projects/P9_MetroidVania
R:/Unity/Unity_Projects/P9_MetroidVania
Using Asset Import Pipeline V2.
Refreshing native plugins compatible for Editor in 71.91 ms, found 3 plugins.
Preloading 0 native plugins for Editor in 0.00 ms.
Initialize engine version: 2020.3.22f1 (e1a7f79fd887)
[Subsystems] Discovering subsystems at path R:/Unity/Unity_Projects/Instalaciones/2020.3.22f1/Editor/Data/Resources/UnitySubsystems
[Subsystems] Discovering subsystems at path R:/Unity/Unity_Projects/P9_MetroidVania/Assets
GfxDevice: creating device client; threaded=0
Direct3D:
    Version:  Direct3D 11.0 [level 11.1]
    Renderer: NVIDIA GeForce GTX 1650 (ID=0x1f82)
    Vendor:   
    VRAM:     3962 MB
    Driver:   30.0.14.9649
Initialize mono
Mono path[0] = 'R:/Unity/Unity_Projects/Instalaciones/2020.3.22f1/Editor/Data/Managed'
Mono path[1] = 'R:/Unity/Unity_Projects/Instalaciones/2020.3.22f1/Editor/Data/MonoBleedingEdge/lib/mono/unityjit'
Mono config path = 'R:/Unity/Unity_Projects/Instalaciones/2020.3.22f1/Editor/Data/MonoBleedingEdge/etc'
Using monoOptions --debugger-agent=transport=dt_socket,embedding=1,server=y,suspend=n,address=127.0.0.1:56604
Begin MonoManager ReloadAssembly
Registering precompiled unity dll's ...
Register platform support module: R:/Unity/Unity_Projects/Instalaciones/2020.3.22f1/Editor/Data/PlaybackEngines/WebGLSupport/UnityEditor.WebGL.Extensions.dll
Register platform support module: R:/Unity/Unity_Projects/Instalaciones/2020.3.22f1/Editor/Data/PlaybackEngines/WindowsStandaloneSupport/UnityEditor.WindowsStandalone.Extensions.dll
Registered in 0.003966 seconds.
Native extension for WindowsStandalone target not found
Native extension for WebGL target not found
Refreshing native plugins compatible for Editor in 55.73 ms, found 3 plugins.
Preloading 0 native plugins for Editor in 0.00 ms.
Mono: successfully reloaded assembly
- Completed reload, in  2.094 seconds
Domain Reload Profiling:
	ReloadAssembly (2094ms)
		BeginReloadAssembly (64ms)
			ExecutionOrderSort (0ms)
			DisableScriptedObjects (0ms)
			BackupInstance (0ms)
			ReleaseScriptingObjects (0ms)
			CreateAndSetChildDomain (1ms)
		EndReloadAssembly (468ms)
			LoadAssemblies (60ms)
			RebuildTransferFunctionScriptingTraits (0ms)
			SetupTypeCache (157ms)
			ReleaseScriptCaches (0ms)
			RebuildScriptCaches (28ms)
			SetupLoadedEditorAssemblies (176ms)
				LogAssemblyErrors (0ms)
				InitializePlatformSupportModulesInManaged (5ms)
				SetLoadedEditorAssemblies (0ms)
				RefreshPlugins (56ms)
				BeforeProcessingInitializeOnLoad (16ms)
				ProcessInitializeOnLoadAttributes (74ms)
				ProcessInitializeOnLoadMethodAttributes (26ms)
				AfterProcessingInitializeOnLoad (0ms)
				EditorAssembliesLoaded (0ms)
			ExecutionOrderSort2 (0ms)
			AwakeInstancesAfterBackupRestoration (0ms)
Platform modules already initialized, skipping
Registering precompiled user dll's ...
Registered in 0.008898 seconds.
Begin MonoManager ReloadAssembly
Script error: OnCollisionEnter2D
This message parameter has to be of type: Collision2D
The message will be ignored.
0x00007ff736a8cbac (Unity) StackWalker::GetCurrentCallstack
0x00007ff736a95249 (Unity) StackWalker::ShowCallstack
0x00007ff737fc319c (Unity) GetStacktrace
0x00007ff7390f72d3 (Unity) DebugStringToFile
0x00007ff736895583 (Unity) CheckMessageParameters
0x00007ff73689f9ac (Unity) PopulateMethods
0x00007ff736897f03 (Unity) CreateMonoScriptCache
0x00007ff7368990b3 (Unity) FindOrCreateMonoScriptCache
0x00007ff7368a0b79 (Unity) MonoScript::Renew
0x00007ff7368b9184 (Unity) MonoManager::EndReloadAssembly
0x00007ff7368c0197 (Unity) MonoManager::ReloadAssembly
0x00007ff737cbe121 (Unity) LoadDomainAndUserAssemblies
0x00007ff737cbe5e9 (Unity) LoadUserAssemblies
0x00007ff73761c7b1 (Unity) Application::InitializeProject
0x00007ff737fd0702 (Unity) WinMain
0x00007ff739e2f716 (Unity) __scrt_common_main_seh
0x00007ffef9077034 (KERNEL32) BaseThreadInitThunk
0x00007ffefaa02651 (ntdll) RtlUserThreadStart

Native extension for WindowsStandalone target not found
Native extension for WebGL target not found
Refreshing native plugins compatible for Editor in 54.48 ms, found 3 plugins.
Preloading 0 native plugins for Editor in 0.00 ms.
Mono: successfully reloaded assembly
- Completed reload, in  1.580 seconds
Domain Reload Profiling:
	ReloadAssembly (1581ms)
		BeginReloadAssembly (154ms)
			ExecutionOrderSort (0ms)
			DisableScriptedObjects (6ms)
			BackupInstance (0ms)
			ReleaseScriptingObjects (0ms)
			CreateAndSetChildDomain (18ms)
		EndReloadAssembly (1354ms)
			LoadAssemblies (116ms)
			RebuildTransferFunctionScriptingTraits (0ms)
			SetupTypeCache (299ms)
			ReleaseScriptCaches (0ms)
			RebuildScriptCaches (450ms)
			SetupLoadedEditorAssemblies (374ms)
				LogAssemblyErrors (0ms)
				InitializePlatformSupportModulesInManaged (5ms)
				SetLoadedEditorAssemblies (0ms)
				RefreshPlugins (55ms)
				BeforeProcessingInitializeOnLoad (99ms)
				ProcessInitializeOnLoadAttributes (188ms)
				ProcessInitializeOnLoadMethodAttributes (15ms)
				AfterProcessingInitializeOnLoad (12ms)
				EditorAssembliesLoaded (0ms)
			ExecutionOrderSort2 (0ms)
			AwakeInstancesAfterBackupRestoration (6ms)
Platform modules already initialized, skipping
========================================================================
Worker process is ready to serve import requests
Launched and connected shader compiler UnityShaderCompiler.exe after 0.03 seconds
Refreshing native plugins compatible for Editor in 0.65 ms, found 3 plugins.
Preloading 0 native plugins for Editor in 0.00 ms.
Unloading 2355 Unused Serialized files (Serialized files now loaded: 0)
System memory in use before: 102.6 MB.
System memory in use after: 102.8 MB.

Unloading 41 unused Assets to reduce memory usage. Loaded Objects now: 2776.
Total: 2.998900 ms (FindLiveObjects: 0.217100 ms CreateObjectMapping: 0.093100 ms MarkObjects: 2.620700 ms  DeleteObjects: 0.066900 ms)

AssetImportParameters requested are different than current active one (requested -> active):
  custom:framework-win-MediaFoundation: 216162199b28c13a410421893ffa2e32 -> 
  custom:video-decoder-ogg-theora: a1e56fd34408186e4bbccfd4996cb3dc -> 
  custom:container-muxer-webm: aa71ff27fc2769a1b78a27578f13a17b -> 
  custom:container-demuxer-webm: 4f35f7cbe854078d1ac9338744f61a02 -> 
  custom:container-demuxer-ogg: 62fdf1f143b41e24485cea50d1cbac27 -> 
  custom:video-encoder-webm-vp8: eb34c28f22e8b96e1ab97ce403110664 -> 
  custom:video-decoder-webm-vp8: 9c59270c3fd7afecdb556c50c9e8de78 -> 
  custom:audio-decoder-ogg-vorbis: bf7c407c2cedff20999df2af8eb42d56 -> 
  custom:audio-encoder-webm-vorbis: bf7c407c2cedff20999df2af8eb42d56 -> 
========================================================================
Received Import Request.
  path: Assets/GothicVania Church/Sprites/Enemies/Angel-Idle/angel6.png
  artifactKey: Guid(a9334dabab2b04a25af2fd2cee6d9bef) Importer(815301076,1909f56bfc062723c751e8b465ee728b)
Start importing Assets/GothicVania Church/Sprites/Enemies/Angel-Idle/angel6.png using Guid(a9334dabab2b04a25af2fd2cee6d9bef) Importer(815301076,1909f56bfc062723c751e8b465ee728b)  -> (artifact id: 'cba2cecb153a1546c1f3ca76cc717e06') in 0.103816 seconds 
  Import took 0.128976 seconds .

========================================================================
Received Import Request.
  Time since last request: 0.000260 seconds.
  path: Assets/GothicVania Church/Sprites/Enemies/Angel-Idle/angel5.png
  artifactKey: Guid(73ed7f313e86e4564afc2c7b474d707f) Importer(815301076,1909f56bfc062723c751e8b465ee728b)
Start importing Assets/GothicVania Church/Sprites/Enemies/Angel-Idle/angel5.png using Guid(73ed7f313e86e4564afc2c7b474d707f) Importer(815301076,1909f56bfc062723c751e8b465ee728b)  -> (artifact id: '5a8d65475bd500bba2d1f4c38a4968fe') in 0.011440 seconds 
  Import took 0.014966 seconds .

========================================================================
Received Import Request.
  Time since last request: 151.918975 seconds.
  path: Assets/Art/UnityOS.jpg
  artifactKey: Guid(b0c0c1c38d0597345a24247b320fe7a2) Importer(815301076,1909f56bfc062723c751e8b465ee728b)
Start importing Assets/Art/UnityOS.jpg using Guid(b0c0c1c38d0597345a24247b320fe7a2) Importer(815301076,1909f56bfc062723c751e8b465ee728b)  -> (artifact id: '3032fa433391575a7099a531fa1bcf28') in 0.016474 seconds 
  Import took 0.023853 seconds .

========================================================================
Received Prepare
Refreshing native plugins compatible for Editor in 16.16 ms, found 3 plugins.
Preloading 0 native plugins for Editor in 0.00 ms.
Unloading 28 Unused Serialized files (Serialized files now loaded: 0)
System memory in use before: 59.3 MB.
System memory in use after: 59.5 MB.

Unloading 28 unused Assets to reduce memory usage. Loaded Objects now: 2784.
Total: 4.193000 ms (FindLiveObjects: 0.367800 ms CreateObjectMapping: 0.148800 ms MarkObjects: 3.652500 ms  DeleteObjects: 0.022700 ms)

AssetImportParameters requested are different than current active one (requested -> active):
  custom:framework-win-MediaFoundation: 216162199b28c13a410421893ffa2e32 -> 
  custom:video-decoder-ogg-theora: a1e56fd34408186e4bbccfd4996cb3dc -> 
  custom:container-muxer-webm: aa71ff27fc2769a1b78a27578f13a17b -> 
  custom:container-demuxer-webm: 4f35f7cbe854078d1ac9338744f61a02 -> 
  custom:container-demuxer-ogg: 62fdf1f143b41e24485cea50d1cbac27 -> 
  custom:video-encoder-webm-vp8: eb34c28f22e8b96e1ab97ce403110664 -> 
  custom:video-decoder-webm-vp8: 9c59270c3fd7afecdb556c50c9e8de78 -> 
  custom:audio-decoder-ogg-vorbis: bf7c407c2cedff20999df2af8eb42d56 -> 
  custom:audio-encoder-webm-vorbis: bf7c407c2cedff20999df2af8eb42d56 -> 
========================================================================
Received Prepare
Registering precompiled user dll's ...
Registered in 0.006629 seconds.
Begin MonoManager ReloadAssembly
Native extension for WindowsStandalone target not found
Native extension for WebGL target not found
Refreshing native plugins compatible for Editor in 0.65 ms, found 3 plugins.
Preloading 0 native plugins for Editor in 0.00 ms.
Mono: successfully reloaded assembly
- Completed reload, in  1.111 seconds
Domain Reload Profiling:
	ReloadAssembly (1112ms)
		BeginReloadAssembly (146ms)
			ExecutionOrderSort (0ms)
			DisableScriptedObjects (6ms)
			BackupInstance (0ms)
			ReleaseScriptingObjects (0ms)
			CreateAndSetChildDomain (45ms)
		EndReloadAssembly (895ms)
			LoadAssemblies (116ms)
			RebuildTransferFunctionScriptingTraits (0ms)
			SetupTypeCache (298ms)
			ReleaseScriptCaches (1ms)
			RebuildScriptCaches (44ms)
			SetupLoadedEditorAssemblies (324ms)
				LogAssemblyErrors (0ms)
				InitializePlatformSupportModulesInManaged (5ms)
				SetLoadedEditorAssemblies (0ms)
				RefreshPlugins (1ms)
				BeforeProcessingInitializeOnLoad (105ms)
				ProcessInitializeOnLoadAttributes (190ms)
				ProcessInitializeOnLoadMethodAttributes (11ms)
				AfterProcessingInitializeOnLoad (13ms)
				EditorAssembliesLoaded (0ms)
			ExecutionOrderSort2 (0ms)
			AwakeInstancesAfterBackupRestoration (8ms)
Platform modules already initialized, skipping
Script error: OnCollisionEnter2D
This message parameter has to be of type: Collision2D
The message will be ignored.
0x00007ff736a8cbac (Unity) StackWalker::GetCurrentCallstack
0x00007ff736a95249 (Unity) StackWalker::ShowCallstack
0x00007ff737fc319c (Unity) GetStacktrace
0x00007ff7390f72d3 (Unity) DebugStringToFile
0x00007ff736895583 (Unity) CheckMessageParameters
0x00007ff73689f9ac (Unity) PopulateMethods
0x00007ff736897f03 (Unity) CreateMonoScriptCache
0x00007ff7368990b3 (Unity) FindOrCreateMonoScriptCache
0x00007ff73689fbf4 (Unity) MonoScript::Rebuild
0x00007ff73689fcfd (Unity) MonoScript::RebuildFromAwake
0x00007ff7369a591a (Unity) PersistentManager::ReadAndActivateObjectThreaded
0x00007ff7369a5d69 (Unity) PersistentManager::ReadObjectThreaded
0x00007ff7369a5b1a (Unity) PersistentManager::ReadObject
0x00007ff734fb0a76 (Unity) PPtr<Object>::operator Object * __ptr64
0x00007ff73815c46e (Unity) AssetImportWorkerClient::RegisterAvailableScripts
0x00007ff7381349ea (Unity) <lambda_905da1b37eb57b5d14adff71480f0ceb>::operator()
0x00007ff7381d8f22 (Unity) asio::detail::completion_handler<core::mutable_function<void __cdecl(void)> >::do_complete
0x00007ff7381db080 (Unity) asio::detail::win_iocp_io_service::do_one
0x00007ff7381de80e (Unity) asio::io_service::run
0x00007ff7381616bb (Unity) RunAssetImportWorkerClientV2
0x00007ff738161710 (Unity) RunAssetImporterV2
0x00007ff73761c7b6 (Unity) Application::InitializeProject
0x00007ff737fd0702 (Unity) WinMain
0x00007ff739e2f716 (Unity) __scrt_common_main_seh
0x00007ffef9077034 (KERNEL32) BaseThreadInitThunk
0x00007ffefaa02651 (ntdll) RtlUserThreadStart

Switching build target platform(19) subTarget(0) extendedPlatform(0) -> platform(13) subTarget(537395200) extendedPlatform(0)
Refreshing native plugins compatible for Editor in 0.66 ms, found 3 plugins.
Preloading 0 native plugins for Editor in 0.00 ms.
Unloading 2347 Unused Serialized files (Serialized files now loaded: 0)
System memory in use before: 105.1 MB.
System memory in use after: 105.3 MB.

Unloading 30 unused Assets to reduce memory usage. Loaded Objects now: 2786.
Total: 2.935800 ms (FindLiveObjects: 0.210600 ms CreateObjectMapping: 0.081500 ms MarkObjects: 2.624900 ms  DeleteObjects: 0.017900 ms)

AssetImportParameters requested are different than current active one (requested -> active):
  custom:framework-win-MediaFoundation: 216162199b28c13a410421893ffa2e32 -> 
  custom:video-decoder-ogg-theora: a1e56fd34408186e4bbccfd4996cb3dc -> 
  custom:container-muxer-webm: aa71ff27fc2769a1b78a27578f13a17b -> 
  custom:container-demuxer-webm: 4f35f7cbe854078d1ac9338744f61a02 -> 
  custom:container-demuxer-ogg: 62fdf1f143b41e24485cea50d1cbac27 -> 
  custom:video-encoder-webm-vp8: eb34c28f22e8b96e1ab97ce403110664 -> 
  custom:video-decoder-webm-vp8: 9c59270c3fd7afecdb556c50c9e8de78 -> 
  custom:graphics/normal-map-encoding: 01000000000000000000000000000000 -> 02000000000000000000000000000000
  custom:audio-decoder-ogg-vorbis: bf7c407c2cedff20999df2af8eb42d56 -> 
  custom:audio-encoder-webm-vorbis: bf7c407c2cedff20999df2af8eb42d56 -> 
========================================================================
Received Prepare
Registering precompiled user dll's ...
Registered in 0.006661 seconds.
Begin MonoManager ReloadAssembly
Native extension for WindowsStandalone target not found
Native extension for WebGL target not found
Refreshing native plugins compatible for Editor in 0.69 ms, found 3 plugins.
Preloading 0 native plugins for Editor in 0.00 ms.
Mono: successfully reloaded assembly
- Completed reload, in  1.125 seconds
Domain Reload Profiling:
	ReloadAssembly (1126ms)
		BeginReloadAssembly (134ms)
			ExecutionOrderSort (0ms)
			DisableScriptedObjects (8ms)
			BackupInstance (0ms)
			ReleaseScriptingObjects (0ms)
			CreateAndSetChildDomain (33ms)
		EndReloadAssembly (921ms)
			LoadAssemblies (112ms)
			RebuildTransferFunctionScriptingTraits (0ms)
			SetupTypeCache (316ms)
			ReleaseScriptCaches (1ms)
			RebuildScriptCaches (41ms)
			SetupLoadedEditorAssemblies (323ms)
				LogAssemblyErrors (0ms)
				InitializePlatformSupportModulesInManaged (6ms)
				SetLoadedEditorAssemblies (0ms)
				RefreshPlugins (1ms)
				BeforeProcessingInitializeOnLoad (103ms)
				ProcessInitializeOnLoadAttributes (190ms)
				ProcessInitializeOnLoadMethodAttributes (10ms)
				AfterProcessingInitializeOnLoad (13ms)
				EditorAssembliesLoaded (0ms)
			ExecutionOrderSort2 (0ms)
			AwakeInstancesAfterBackupRestoration (10ms)
Platform modules already initialized, skipping
Script error: OnCollisionEnter2D
This message parameter has to be of type: Collision2D
The message will be ignored.
0x00007ff736a8cbac (Unity) StackWalker::GetCurrentCallstack
0x00007ff736a95249 (Unity) StackWalker::ShowCallstack
0x00007ff737fc319c (Unity) GetStacktrace
0x00007ff7390f72d3 (Unity) DebugStringToFile
0x00007ff736895583 (Unity) CheckMessageParameters
0x00007ff73689f9ac (Unity) PopulateMethods
0x00007ff736897f03 (Unity) CreateMonoScriptCache
0x00007ff7368990b3 (Unity) FindOrCreateMonoScriptCache
0x00007ff73689fbf4 (Unity) MonoScript::Rebuild
0x00007ff73689fcfd (Unity) MonoScript::RebuildFromAwake
0x00007ff7369a591a (Unity) PersistentManager::ReadAndActivateObjectThreaded
0x00007ff7369a5d69 (Unity) PersistentManager::ReadObjectThreaded
0x00007ff7369a5b1a (Unity) PersistentManager::ReadObject
0x00007ff734fb0a76 (Unity) PPtr<Object>::operator Object * __ptr64
0x00007ff73815c46e (Unity) AssetImportWorkerClient::RegisterAvailableScripts
0x00007ff7381349ea (Unity) <lambda_905da1b37eb57b5d14adff71480f0ceb>::operator()
0x00007ff7381d8f22 (Unity) asio::detail::completion_handler<core::mutable_function<void __cdecl(void)> >::do_complete
0x00007ff7381db080 (Unity) asio::detail::win_iocp_io_service::do_one
0x00007ff7381de80e (Unity) asio::io_service::run
0x00007ff7381616bb (Unity) RunAssetImportWorkerClientV2
0x00007ff738161710 (Unity) RunAssetImporterV2
0x00007ff73761c7b6 (Unity) Application::InitializeProject
0x00007ff737fd0702 (Unity) WinMain
0x00007ff739e2f716 (Unity) __scrt_common_main_seh
0x00007ffef9077034 (KERNEL32) BaseThreadInitThunk
0x00007ffefaa02651 (ntdll) RtlUserThreadStart

Switching build target platform(19) subTarget(0) extendedPlatform(0) -> platform(13) subTarget(537395200) extendedPlatform(0)
Refreshing native plugins compatible for Editor in 0.90 ms, found 3 plugins.
Preloading 0 native plugins for Editor in 0.00 ms.
Unloading 2347 Unused Serialized files (Serialized files now loaded: 0)
System memory in use before: 105.1 MB.
System memory in use after: 105.3 MB.

Unloading 30 unused Assets to reduce memory usage. Loaded Objects now: 2788.
Total: 2.692800 ms (FindLiveObjects: 0.209000 ms CreateObjectMapping: 0.087000 ms MarkObjects: 2.381000 ms  DeleteObjects: 0.014800 ms)

AssetImportParameters requested are different than current active one (requested -> active):
  custom:framework-win-MediaFoundation: 216162199b28c13a410421893ffa2e32 -> 
  custom:video-decoder-ogg-theora: a1e56fd34408186e4bbccfd4996cb3dc -> 
  custom:container-muxer-webm: aa71ff27fc2769a1b78a27578f13a17b -> 
  custom:container-demuxer-webm: 4f35f7cbe854078d1ac9338744f61a02 -> 
  custom:container-demuxer-ogg: 62fdf1f143b41e24485cea50d1cbac27 -> 
  custom:video-encoder-webm-vp8: eb34c28f22e8b96e1ab97ce403110664 -> 
  custom:video-decoder-webm-vp8: 9c59270c3fd7afecdb556c50c9e8de78 -> 
  custom:graphics/normal-map-encoding: 01000000000000000000000000000000 -> 02000000000000000000000000000000
  custom:audio-decoder-ogg-vorbis: bf7c407c2cedff20999df2af8eb42d56 -> 
  custom:audio-encoder-webm-vorbis: bf7c407c2cedff20999df2af8eb42d56 -> 
========================================================================
Received Prepare
Registering precompiled user dll's ...
Registered in 0.006162 seconds.
Begin MonoManager ReloadAssembly
Native extension for WindowsStandalone target not found
Native extension for WebGL target not found
Refreshing native plugins compatible for Editor in 0.69 ms, found 3 plugins.
Preloading 0 native plugins for Editor in 0.00 ms.
Mono: successfully reloaded assembly
- Completed reload, in  1.199 seconds
Domain Reload Profiling:
	ReloadAssembly (1199ms)
		BeginReloadAssembly (136ms)
			ExecutionOrderSort (0ms)
			DisableScriptedObjects (5ms)
			BackupInstance (0ms)
			ReleaseScriptingObjects (0ms)
			CreateAndSetChildDomain (32ms)
		EndReloadAssembly (990ms)
			LoadAssemblies (117ms)
			RebuildTransferFunctionScriptingTraits (0ms)
			SetupTypeCache (310ms)
			ReleaseScriptCaches (1ms)
			RebuildScriptCaches (42ms)
			SetupLoadedEditorAssemblies (370ms)
				LogAssemblyErrors (0ms)
				InitializePlatformSupportModulesInManaged (6ms)
				SetLoadedEditorAssemblies (0ms)
				RefreshPlugins (1ms)
				BeforeProcessingInitializeOnLoad (114ms)
				ProcessInitializeOnLoadAttributes (225ms)
				ProcessInitializeOnLoadMethodAttributes (11ms)
				AfterProcessingInitializeOnLoad (13ms)
				EditorAssembliesLoaded (0ms)
			ExecutionOrderSort2 (0ms)
			AwakeInstancesAfterBackupRestoration (10ms)
Platform modules already initialized, skipping
Script error: OnCollisionEnter2D
This message parameter has to be of type: Collision2D
The message will be ignored.
0x00007ff736a8cbac (Unity) StackWalker::GetCurrentCallstack
0x00007ff736a95249 (Unity) StackWalker::ShowCallstack
0x00007ff737fc319c (Unity) GetStacktrace
0x00007ff7390f72d3 (Unity) DebugStringToFile
0x00007ff736895583 (Unity) CheckMessageParameters
0x00007ff73689f9ac (Unity) PopulateMethods
0x00007ff736897f03 (Unity) CreateMonoScriptCache
0x00007ff7368990b3 (Unity) FindOrCreateMonoScriptCache
0x00007ff73689fbf4 (Unity) MonoScript::Rebuild
0x00007ff73689fcfd (Unity) MonoScript::RebuildFromAwake
0x00007ff7369a591a (Unity) PersistentManager::ReadAndActivateObjectThreaded
0x00007ff7369a5d69 (Unity) PersistentManager::ReadObjectThreaded
0x00007ff7369a5b1a (Unity) PersistentManager::ReadObject
0x00007ff734fb0a76 (Unity) PPtr<Object>::operator Object * __ptr64
0x00007ff73815c46e (Unity) AssetImportWorkerClient::RegisterAvailableScripts
0x00007ff7381349ea (Unity) <lambda_905da1b37eb57b5d14adff71480f0ceb>::operator()
0x00007ff7381d8f22 (Unity) asio::detail::completion_handler<core::mutable_function<void __cdecl(void)> >::do_complete
0x00007ff7381db080 (Unity) asio::detail::win_iocp_io_service::do_one
0x00007ff7381de80e (Unity) asio::io_service::run
0x00007ff7381616bb (Unity) RunAssetImportWorkerClientV2
0x00007ff738161710 (Unity) RunAssetImporterV2
0x00007ff73761c7b6 (Unity) Application::InitializeProject
0x00007ff737fd0702 (Unity) WinMain
0x00007ff739e2f716 (Unity) __scrt_common_main_seh
0x00007ffef9077034 (KERNEL32) BaseThreadInitThunk
0x00007ffefaa02651 (ntdll) RtlUserThreadStart

Switching build target platform(19) subTarget(0) extendedPlatform(0) -> platform(13) subTarget(537395200) extendedPlatform(0)
Refreshing native plugins compatible for Editor in 0.77 ms, found 3 plugins.
Preloading 0 native plugins for Editor in 0.00 ms.
Unloading 2347 Unused Serialized files (Serialized files now loaded: 0)
System memory in use before: 105.1 MB.
System memory in use after: 105.3 MB.

Unloading 30 unused Assets to reduce memory usage. Loaded Objects now: 2790.
Total: 3.669800 ms (FindLiveObjects: 0.280800 ms CreateObjectMapping: 0.093000 ms MarkObjects: 3.264800 ms  DeleteObjects: 0.029700 ms)

AssetImportParameters requested are different than current active one (requested -> active):
  custom:framework-win-MediaFoundation: 216162199b28c13a410421893ffa2e32 -> 
  custom:video-decoder-ogg-theora: a1e56fd34408186e4bbccfd4996cb3dc -> 
  custom:container-muxer-webm: aa71ff27fc2769a1b78a27578f13a17b -> 
  custom:container-demuxer-webm: 4f35f7cbe854078d1ac9338744f61a02 -> 
  custom:container-demuxer-ogg: 62fdf1f143b41e24485cea50d1cbac27 -> 
  custom:video-encoder-webm-vp8: eb34c28f22e8b96e1ab97ce403110664 -> 
  custom:video-decoder-webm-vp8: 9c59270c3fd7afecdb556c50c9e8de78 -> 
  custom:graphics/normal-map-encoding: 01000000000000000000000000000000 -> 02000000000000000000000000000000
  custom:audio-decoder-ogg-vorbis: bf7c407c2cedff20999df2af8eb42d56 -> 
  custom:audio-encoder-webm-vorbis: bf7c407c2cedff20999df2af8eb42d56 -> 
========================================================================
Received Prepare
Registering precompiled user dll's ...
Registered in 0.007160 seconds.
Begin MonoManager ReloadAssembly
Native extension for WindowsStandalone target not found
Native extension for WebGL target not found
Refreshing native plugins compatible for Editor in 0.67 ms, found 3 plugins.
Preloading 0 native plugins for Editor in 0.00 ms.
Mono: successfully reloaded assembly
- Completed reload, in  1.117 seconds
Domain Reload Profiling:
	ReloadAssembly (1117ms)
		BeginReloadAssembly (125ms)
			ExecutionOrderSort (0ms)
			DisableScriptedObjects (5ms)
			BackupInstance (0ms)
			ReleaseScriptingObjects (0ms)
			CreateAndSetChildDomain (32ms)
		EndReloadAssembly (921ms)
			LoadAssemblies (106ms)
			RebuildTransferFunctionScriptingTraits (0ms)
			SetupTypeCache (299ms)
			ReleaseScriptCaches (1ms)
			RebuildScriptCaches (42ms)
			SetupLoadedEditorAssemblies (327ms)
				LogAssemblyErrors (0ms)
				InitializePlatformSupportModulesInManaged (5ms)
				SetLoadedEditorAssemblies (0ms)
				RefreshPlugins (1ms)
				BeforeProcessingInitializeOnLoad (105ms)
				ProcessInitializeOnLoadAttributes (192ms)
				ProcessInitializeOnLoadMethodAttributes (11ms)
				AfterProcessingInitializeOnLoad (13ms)
				EditorAssembliesLoaded (0ms)
			ExecutionOrderSort2 (0ms)
			AwakeInstancesAfterBackupRestoration (8ms)
Platform modules already initialized, skipping
Script error: OnCollisionEnter2D
This message parameter has to be of type: Collision2D
The message will be ignored.
0x00007ff736a8cbac (Unity) StackWalker::GetCurrentCallstack
0x00007ff736a95249 (Unity) StackWalker::ShowCallstack
0x00007ff737fc319c (Unity) GetStacktrace
0x00007ff7390f72d3 (Unity) DebugStringToFile
0x00007ff736895583 (Unity) CheckMessageParameters
0x00007ff73689f9ac (Unity) PopulateMethods
0x00007ff736897f03 (Unity) CreateMonoScriptCache
0x00007ff7368990b3 (Unity) FindOrCreateMonoScriptCache
0x00007ff73689fbf4 (Unity) MonoScript::Rebuild
0x00007ff73689fcfd (Unity) MonoScript::RebuildFromAwake
0x00007ff7369a591a (Unity) PersistentManager::ReadAndActivateObjectThreaded
0x00007ff7369a5d69 (Unity) PersistentManager::ReadObjectThreaded
0x00007ff7369a5b1a (Unity) PersistentManager::ReadObject
0x00007ff734fb0a76 (Unity) PPtr<Object>::operator Object * __ptr64
0x00007ff73815c46e (Unity) AssetImportWorkerClient::RegisterAvailableScripts
0x00007ff7381349ea (Unity) <lambda_905da1b37eb57b5d14adff71480f0ceb>::operator()
0x00007ff7381d8f22 (Unity) asio::detail::completion_handler<core::mutable_function<void __cdecl(void)> >::do_complete
0x00007ff7381db080 (Unity) asio::detail::win_iocp_io_service::do_one
0x00007ff7381de80e (Unity) asio::io_service::run
0x00007ff7381616bb (Unity) RunAssetImportWorkerClientV2
0x00007ff738161710 (Unity) RunAssetImporterV2
0x00007ff73761c7b6 (Unity) Application::InitializeProject
0x00007ff737fd0702 (Unity) WinMain
0x00007ff739e2f716 (Unity) __scrt_common_main_seh
0x00007ffef9077034 (KERNEL32) BaseThreadInitThunk
0x00007ffefaa02651 (ntdll) RtlUserThreadStart

Switching build target platform(19) subTarget(0) extendedPlatform(0) -> platform(13) subTarget(537395200) extendedPlatform(0)
Refreshing native plugins compatible for Editor in 0.78 ms, found 3 plugins.
Preloading 0 native plugins for Editor in 0.00 ms.
Unloading 2347 Unused Serialized files (Serialized files now loaded: 0)
System memory in use before: 105.1 MB.
System memory in use after: 105.4 MB.

Unloading 30 unused Assets to reduce memory usage. Loaded Objects now: 2792.
Total: 2.883400 ms (FindLiveObjects: 0.227800 ms CreateObjectMapping: 0.103100 ms MarkObjects: 2.534400 ms  DeleteObjects: 0.017000 ms)

AssetImportParameters requested are different than current active one (requested -> active):
  custom:framework-win-MediaFoundation: 216162199b28c13a410421893ffa2e32 -> 
  custom:video-decoder-ogg-theora: a1e56fd34408186e4bbccfd4996cb3dc -> 
  custom:container-muxer-webm: aa71ff27fc2769a1b78a27578f13a17b -> 
  custom:container-demuxer-webm: 4f35f7cbe854078d1ac9338744f61a02 -> 
  custom:container-demuxer-ogg: 62fdf1f143b41e24485cea50d1cbac27 -> 
  custom:video-encoder-webm-vp8: eb34c28f22e8b96e1ab97ce403110664 -> 
  custom:video-decoder-webm-vp8: 9c59270c3fd7afecdb556c50c9e8de78 -> 
  custom:graphics/normal-map-encoding: 01000000000000000000000000000000 -> 02000000000000000000000000000000
  custom:audio-decoder-ogg-vorbis: bf7c407c2cedff20999df2af8eb42d56 -> 
  custom:audio-encoder-webm-vorbis: bf7c407c2cedff20999df2af8eb42d56 -> 
========================================================================
Received Prepare
Registering precompiled user dll's ...
Registered in 0.006172 seconds.
Begin MonoManager ReloadAssembly
Native extension for WindowsStandalone target not found
Native extension for WebGL target not found
Refreshing native plugins compatible for Editor in 0.73 ms, found 3 plugins.
Preloading 0 native plugins for Editor in 0.00 ms.
Mono: successfully reloaded assembly
- Completed reload, in  1.186 seconds
Domain Reload Profiling:
	ReloadAssembly (1186ms)
		BeginReloadAssembly (131ms)
			ExecutionOrderSort (0ms)
			DisableScriptedObjects (5ms)
			BackupInstance (0ms)
			ReleaseScriptingObjects (0ms)
			CreateAndSetChildDomain (31ms)
		EndReloadAssembly (978ms)
			LoadAssemblies (116ms)
			RebuildTransferFunctionScriptingTraits (0ms)
			SetupTypeCache (286ms)
			ReleaseScriptCaches (1ms)
			RebuildScriptCaches (42ms)
			SetupLoadedEditorAssemblies (341ms)
				LogAssemblyErrors (0ms)
				InitializePlatformSupportModulesInManaged (7ms)
				SetLoadedEditorAssemblies (0ms)
				RefreshPlugins (1ms)
				BeforeProcessingInitializeOnLoad (107ms)
				ProcessInitializeOnLoadAttributes (203ms)
				ProcessInitializeOnLoadMethodAttributes (10ms)
				AfterProcessingInitializeOnLoad (13ms)
				EditorAssembliesLoaded (0ms)
			ExecutionOrderSort2 (0ms)
			AwakeInstancesAfterBackupRestoration (9ms)
Platform modules already initialized, skipping
Script error: OnCollisionEnter2D
This message parameter has to be of type: Collision2D
The message will be ignored.
0x00007ff736a8cbac (Unity) StackWalker::GetCurrentCallstack
0x00007ff736a95249 (Unity) StackWalker::ShowCallstack
0x00007ff737fc319c (Unity) GetStacktrace
0x00007ff7390f72d3 (Unity) DebugStringToFile
0x00007ff736895583 (Unity) CheckMessageParameters
0x00007ff73689f9ac (Unity) PopulateMethods
0x00007ff736897f03 (Unity) CreateMonoScriptCache
0x00007ff7368990b3 (Unity) FindOrCreateMonoScriptCache
0x00007ff73689fbf4 (Unity) MonoScript::Rebuild
0x00007ff73689fcfd (Unity) MonoScript::RebuildFromAwake
0x00007ff7369a591a (Unity) PersistentManager::ReadAndActivateObjectThreaded
0x00007ff7369a5d69 (Unity) PersistentManager::ReadObjectThreaded
0x00007ff7369a5b1a (Unity) PersistentManager::ReadObject
0x00007ff734fb0a76 (Unity) PPtr<Object>::operator Object * __ptr64
0x00007ff73815c46e (Unity) AssetImportWorkerClient::RegisterAvailableScripts
0x00007ff7381349ea (Unity) <lambda_905da1b37eb57b5d14adff71480f0ceb>::operator()
0x00007ff7381d8f22 (Unity) asio::detail::completion_handler<core::mutable_function<void __cdecl(void)> >::do_complete
0x00007ff7381db080 (Unity) asio::detail::win_iocp_io_service::do_one
0x00007ff7381de80e (Unity) asio::io_service::run
0x00007ff7381616bb (Unity) RunAssetImportWorkerClientV2
0x00007ff738161710 (Unity) RunAssetImporterV2
0x00007ff73761c7b6 (Unity) Application::InitializeProject
0x00007ff737fd0702 (Unity) WinMain
0x00007ff739e2f716 (Unity) __scrt_common_main_seh
0x00007ffef9077034 (KERNEL32) BaseThreadInitThunk
0x00007ffefaa02651 (ntdll) RtlUserThreadStart

Switching build target platform(19) subTarget(0) extendedPlatform(0) -> platform(13) subTarget(537395200) extendedPlatform(0)
Refreshing native plugins compatible for Editor in 0.66 ms, found 3 plugins.
Preloading 0 native plugins for Editor in 0.00 ms.
Unloading 2347 Unused Serialized files (Serialized files now loaded: 0)
System memory in use before: 105.1 MB.
System memory in use after: 105.3 MB.

Unloading 30 unused Assets to reduce memory usage. Loaded Objects now: 2794.
Total: 2.764900 ms (FindLiveObjects: 0.222900 ms CreateObjectMapping: 0.093200 ms MarkObjects: 2.429900 ms  DeleteObjects: 0.017800 ms)

AssetImportParameters requested are different than current active one (requested -> active):
  custom:framework-win-MediaFoundation: 216162199b28c13a410421893ffa2e32 -> 
  custom:video-decoder-ogg-theora: a1e56fd34408186e4bbccfd4996cb3dc -> 
  custom:container-muxer-webm: aa71ff27fc2769a1b78a27578f13a17b -> 
  custom:container-demuxer-webm: 4f35f7cbe854078d1ac9338744f61a02 -> 
  custom:container-demuxer-ogg: 62fdf1f143b41e24485cea50d1cbac27 -> 
  custom:video-encoder-webm-vp8: eb34c28f22e8b96e1ab97ce403110664 -> 
  custom:video-decoder-webm-vp8: 9c59270c3fd7afecdb556c50c9e8de78 -> 
  custom:graphics/normal-map-encoding: 01000000000000000000000000000000 -> 02000000000000000000000000000000
  custom:audio-decoder-ogg-vorbis: bf7c407c2cedff20999df2af8eb42d56 -> 
  custom:audio-encoder-webm-vorbis: bf7c407c2cedff20999df2af8eb42d56 -> 
========================================================================
Received Prepare
Registering precompiled user dll's ...
Registered in 0.006940 seconds.
Begin MonoManager ReloadAssembly
Native extension for WindowsStandalone target not found
Native extension for WebGL target not found
Refreshing native plugins compatible for Editor in 1.13 ms, found 3 plugins.
Preloading 0 native plugins for Editor in 0.00 ms.
Mono: successfully reloaded assembly
- Completed reload, in  1.325 seconds
Domain Reload Profiling:
	ReloadAssembly (1326ms)
		BeginReloadAssembly (152ms)
			ExecutionOrderSort (0ms)
			DisableScriptedObjects (8ms)
			BackupInstance (0ms)
			ReleaseScriptingObjects (0ms)
			CreateAndSetChildDomain (37ms)
		EndReloadAssembly (1094ms)
			LoadAssemblies (131ms)
			RebuildTransferFunctionScriptingTraits (0ms)
			SetupTypeCache (337ms)
			ReleaseScriptCaches (2ms)
			RebuildScriptCaches (50ms)
			SetupLoadedEditorAssemblies (376ms)
				LogAssemblyErrors (0ms)
				InitializePlatformSupportModulesInManaged (7ms)
				SetLoadedEditorAssemblies (0ms)
				RefreshPlugins (1ms)
				BeforeProcessingInitializeOnLoad (113ms)
				ProcessInitializeOnLoadAttributes (227ms)
				ProcessInitializeOnLoadMethodAttributes (12ms)
				AfterProcessingInitializeOnLoad (15ms)
				EditorAssembliesLoaded (0ms)
			ExecutionOrderSort2 (0ms)
			AwakeInstancesAfterBackupRestoration (11ms)
Platform modules already initialized, skipping
Script error: OnCollisionEnter2D
This message parameter has to be of type: Collision2D
The message will be ignored.
0x00007ff736a8cbac (Unity) StackWalker::GetCurrentCallstack
0x00007ff736a95249 (Unity) StackWalker::ShowCallstack
0x00007ff737fc319c (Unity) GetStacktrace
0x00007ff7390f72d3 (Unity) DebugStringToFile
0x00007ff736895583 (Unity) CheckMessageParameters
0x00007ff73689f9ac (Unity) PopulateMethods
0x00007ff736897f03 (Unity) CreateMonoScriptCache
0x00007ff7368990b3 (Unity) FindOrCreateMonoScriptCache
0x00007ff73689fbf4 (Unity) MonoScript::Rebuild
0x00007ff73689fcfd (Unity) MonoScript::RebuildFromAwake
0x00007ff7369a591a (Unity) PersistentManager::ReadAndActivateObjectThreaded
0x00007ff7369a5d69 (Unity) PersistentManager::ReadObjectThreaded
0x00007ff7369a5b1a (Unity) PersistentManager::ReadObject
0x00007ff734fb0a76 (Unity) PPtr<Object>::operator Object * __ptr64
0x00007ff73815c46e (Unity) AssetImportWorkerClient::RegisterAvailableScripts
0x00007ff7381349ea (Unity) <lambda_905da1b37eb57b5d14adff71480f0ceb>::operator()
0x00007ff7381d8f22 (Unity) asio::detail::completion_handler<core::mutable_function<void __cdecl(void)> >::do_complete
0x00007ff7381db080 (Unity) asio::detail::win_iocp_io_service::do_one
0x00007ff7381de80e (Unity) asio::io_service::run
0x00007ff7381616bb (Unity) RunAssetImportWorkerClientV2
0x00007ff738161710 (Unity) RunAssetImporterV2
0x00007ff73761c7b6 (Unity) Application::InitializeProject
0x00007ff737fd0702 (Unity) WinMain
0x00007ff739e2f716 (Unity) __scrt_common_main_seh
0x00007ffef9077034 (KERNEL32) BaseThreadInitThunk
0x00007ffefaa02651 (ntdll) RtlUserThreadStart

Switching build target platform(19) subTarget(0) extendedPlatform(0) -> platform(13) subTarget(537395200) extendedPlatform(0)
Refreshing native plugins compatible for Editor in 0.90 ms, found 3 plugins.
Preloading 0 native plugins for Editor in 0.00 ms.
Unloading 2347 Unused Serialized files (Serialized files now loaded: 0)
System memory in use before: 105.2 MB.
System memory in use after: 105.4 MB.

Unloading 30 unused Assets to reduce memory usage. Loaded Objects now: 2796.
Total: 3.419800 ms (FindLiveObjects: 0.249700 ms CreateObjectMapping: 0.095900 ms MarkObjects: 3.049000 ms  DeleteObjects: 0.023200 ms)

AssetImportParameters requested are different than current active one (requested -> active):
  custom:framework-win-MediaFoundation: 216162199b28c13a410421893ffa2e32 -> 
  custom:video-decoder-ogg-theora: a1e56fd34408186e4bbccfd4996cb3dc -> 
  custom:container-muxer-webm: aa71ff27fc2769a1b78a27578f13a17b -> 
  custom:container-demuxer-webm: 4f35f7cbe854078d1ac9338744f61a02 -> 
  custom:container-demuxer-ogg: 62fdf1f143b41e24485cea50d1cbac27 -> 
  custom:video-encoder-webm-vp8: eb34c28f22e8b96e1ab97ce403110664 -> 
  custom:video-decoder-webm-vp8: 9c59270c3fd7afecdb556c50c9e8de78 -> 
  custom:graphics/normal-map-encoding: 01000000000000000000000000000000 -> 02000000000000000000000000000000
  custom:audio-decoder-ogg-vorbis: bf7c407c2cedff20999df2af8eb42d56 -> 
  custom:audio-encoder-webm-vorbis: bf7c407c2cedff20999df2af8eb42d56 -> 
========================================================================
Received Import Request.
  Time since last request: 1197.451672 seconds.
  path: Assets/Scripts/pozoteleport.cs
  artifactKey: Guid(18cdf075e87295e47aaf82b6d055193b) Importer(815301076,1909f56bfc062723c751e8b465ee728b)
Start importing Assets/Scripts/pozoteleport.cs using Guid(18cdf075e87295e47aaf82b6d055193b) Importer(815301076,1909f56bfc062723c751e8b465ee728b)  -> (artifact id: '3e7941237fd01cfe9d0463ad81059141') in 0.008117 seconds 
  Import took 0.032391 seconds .

========================================================================
Received Prepare
Registering precompiled user dll's ...
Registered in 0.006394 seconds.
Begin MonoManager ReloadAssembly
Native extension for WindowsStandalone target not found
Native extension for WebGL target not found
Refreshing native plugins compatible for Editor in 1.09 ms, found 3 plugins.
Preloading 0 native plugins for Editor in 0.00 ms.
Mono: successfully reloaded assembly
- Completed reload, in  1.182 seconds
Domain Reload Profiling:
	ReloadAssembly (1183ms)
		BeginReloadAssembly (134ms)
			ExecutionOrderSort (0ms)
			DisableScriptedObjects (6ms)
			BackupInstance (0ms)
			ReleaseScriptingObjects (0ms)
			CreateAndSetChildDomain (34ms)
		EndReloadAssembly (961ms)
			LoadAssemblies (111ms)
			RebuildTransferFunctionScriptingTraits (0ms)
			SetupTypeCache (287ms)
			ReleaseScriptCaches (1ms)
			RebuildScriptCaches (44ms)
			SetupLoadedEditorAssemblies (328ms)
				LogAssemblyErrors (0ms)
				InitializePlatformSupportModulesInManaged (7ms)
				SetLoadedEditorAssemblies (1ms)
				RefreshPlugins (1ms)
				BeforeProcessingInitializeOnLoad (104ms)
				ProcessInitializeOnLoadAttributes (188ms)
				ProcessInitializeOnLoadMethodAttributes (12ms)
				AfterProcessingInitializeOnLoad (15ms)
				EditorAssembliesLoaded (0ms)
			ExecutionOrderSort2 (0ms)
			AwakeInstancesAfterBackupRestoration (8ms)
Platform modules already initialized, skipping
Script error: OnCollisionEnter2D
This message parameter has to be of type: Collision2D
The message will be ignored.
0x00007ff736a8cbac (Unity) StackWalker::GetCurrentCallstack
0x00007ff736a95249 (Unity) StackWalker::ShowCallstack
0x00007ff737fc319c (Unity) GetStacktrace
0x00007ff7390f72d3 (Unity) DebugStringToFile
0x00007ff736895583 (Unity) CheckMessageParameters
0x00007ff73689f9ac (Unity) PopulateMethods
0x00007ff736897f03 (Unity) CreateMonoScriptCache
0x00007ff7368990b3 (Unity) FindOrCreateMonoScriptCache
0x00007ff73689fbf4 (Unity) MonoScript::Rebuild
0x00007ff73689fcfd (Unity) MonoScript::RebuildFromAwake
0x00007ff7369a591a (Unity) PersistentManager::ReadAndActivateObjectThreaded
0x00007ff7369a5d69 (Unity) PersistentManager::ReadObjectThreaded
0x00007ff7369a5b1a (Unity) PersistentManager::ReadObject
0x00007ff734fb0a76 (Unity) PPtr<Object>::operator Object * __ptr64
0x00007ff73815c46e (Unity) AssetImportWorkerClient::RegisterAvailableScripts
0x00007ff7381349ea (Unity) <lambda_905da1b37eb57b5d14adff71480f0ceb>::operator()
0x00007ff7381d8f22 (Unity) asio::detail::completion_handler<core::mutable_function<void __cdecl(void)> >::do_complete
0x00007ff7381db080 (Unity) asio::detail::win_iocp_io_service::do_one
0x00007ff7381de80e (Unity) asio::io_service::run
0x00007ff7381616bb (Unity) RunAssetImportWorkerClientV2
0x00007ff738161710 (Unity) RunAssetImporterV2
0x00007ff73761c7b6 (Unity) Application::InitializeProject
0x00007ff737fd0702 (Unity) WinMain
0x00007ff739e2f716 (Unity) __scrt_common_main_seh
0x00007ffef9077034 (KERNEL32) BaseThreadInitThunk
0x00007ffefaa02651 (ntdll) RtlUserThreadStart

Switching build target platform(19) subTarget(0) extendedPlatform(0) -> platform(13) subTarget(537395200) extendedPlatform(0)
Refreshing native plugins compatible for Editor in 0.68 ms, found 3 plugins.
Preloading 0 native plugins for Editor in 0.00 ms.
Unloading 2347 Unused Serialized files (Serialized files now loaded: 0)
System memory in use before: 105.2 MB.
System memory in use after: 105.4 MB.

Unloading 30 unused Assets to reduce memory usage. Loaded Objects now: 2798.
Total: 3.046500 ms (FindLiveObjects: 0.221800 ms CreateObjectMapping: 0.083500 ms MarkObjects: 2.715200 ms  DeleteObjects: 0.024700 ms)

AssetImportParameters requested are different than current active one (requested -> active):
  custom:framework-win-MediaFoundation: 216162199b28c13a410421893ffa2e32 -> 
  custom:video-decoder-ogg-theora: a1e56fd34408186e4bbccfd4996cb3dc -> 
  custom:container-muxer-webm: aa71ff27fc2769a1b78a27578f13a17b -> 
  custom:container-demuxer-webm: 4f35f7cbe854078d1ac9338744f61a02 -> 
  custom:container-demuxer-ogg: 62fdf1f143b41e24485cea50d1cbac27 -> 
  custom:video-encoder-webm-vp8: eb34c28f22e8b96e1ab97ce403110664 -> 
  custom:video-decoder-webm-vp8: 9c59270c3fd7afecdb556c50c9e8de78 -> 
  custom:graphics/normal-map-encoding: 01000000000000000000000000000000 -> 02000000000000000000000000000000
  custom:audio-decoder-ogg-vorbis: bf7c407c2cedff20999df2af8eb42d56 -> 
  custom:audio-encoder-webm-vorbis: bf7c407c2cedff20999df2af8eb42d56 -> 
========================================================================
Received Import Request.
  Time since last request: 79.620226 seconds.
  path: Assets/Scripts/pozoteleport.cs
  artifactKey: Guid(18cdf075e87295e47aaf82b6d055193b) Importer(815301076,1909f56bfc062723c751e8b465ee728b)
Start importing Assets/Scripts/pozoteleport.cs using Guid(18cdf075e87295e47aaf82b6d055193b) Importer(815301076,1909f56bfc062723c751e8b465ee728b)  -> (artifact id: '6c4cc573167b7b0ae95e7bd0d7a04156') in 0.004787 seconds 
  Import took 0.024751 seconds .

========================================================================
Received Prepare
Refreshing native plugins compatible for Editor in 13.03 ms, found 3 plugins.
Preloading 0 native plugins for Editor in 0.00 ms.
Unloading 28 Unused Serialized files (Serialized files now loaded: 0)
System memory in use before: 59.5 MB.
System memory in use after: 59.7 MB.

Unloading 28 unused Assets to reduce memory usage. Loaded Objects now: 2798.
Total: 3.061500 ms (FindLiveObjects: 0.244900 ms CreateObjectMapping: 0.091500 ms MarkObjects: 2.706200 ms  DeleteObjects: 0.018000 ms)

AssetImportParameters requested are different than current active one (requested -> active):
  custom:framework-win-MediaFoundation: 216162199b28c13a410421893ffa2e32 -> 
  custom:video-decoder-ogg-theora: a1e56fd34408186e4bbccfd4996cb3dc -> 
  custom:container-muxer-webm: aa71ff27fc2769a1b78a27578f13a17b -> 
  custom:container-demuxer-webm: 4f35f7cbe854078d1ac9338744f61a02 -> 
  custom:container-demuxer-ogg: 62fdf1f143b41e24485cea50d1cbac27 -> 
  custom:video-encoder-webm-vp8: eb34c28f22e8b96e1ab97ce403110664 -> 
  custom:video-decoder-webm-vp8: 9c59270c3fd7afecdb556c50c9e8de78 -> 
  custom:audio-decoder-ogg-vorbis: bf7c407c2cedff20999df2af8eb42d56 -> 
  custom:audio-encoder-webm-vorbis: bf7c407c2cedff20999df2af8eb42d56 -> 
AssetImportWorkerClient::OnTransportError - code=2 error=End of file
